2018-08-02 07:54:54 INFO  TestBase:137 - Loading config properties
2018-08-02 07:54:54 INFO  TestBase:142 - Loading or properties
2018-08-02 07:54:54 INFO  TestBase:111 - Loading browser
2018-08-02 07:54:58 INFO  Scenario01:32 - Launching browser
2018-08-02 07:54:59 INFO  Scenario01:35 - Moving to PAF Requests
2018-08-02 07:55:00 INFO  Scenario01:40 - Opening the request
2018-08-02 07:55:00 INFO  Scenario01:45 - Clicking On New Request
2018-08-02 07:55:06 INFO  Scenario01:55 - Selecting Receiving Manager
2018-08-02 07:55:06 INFO  Scenario01:59 - Passing Receiving Manager name
2018-08-02 07:55:07 INFO  Scenario01:67 - Receiving Manager being selected
2018-08-02 09:12:43 INFO  TestBase:137 - Loading config properties
2018-08-02 09:12:43 INFO  TestBase:142 - Loading or properties
2018-08-02 09:12:43 INFO  TestBase:111 - Loading browser
2018-08-02 09:12:47 INFO  Scenario01:32 - Launching browser
2018-08-02 09:12:51 INFO  Scenario01:35 - Moving to PAF Requests
2018-08-02 09:12:52 INFO  Scenario01:40 - Opening the request
2018-08-02 09:12:52 INFO  Scenario01:45 - Clicking On New Request
2018-08-02 09:12:58 INFO  Scenario01:55 - Selecting Receiving Manager
2018-08-02 09:12:58 INFO  Scenario01:59 - Passing Receiving Manager name
2018-08-02 09:12:58 INFO  Scenario01:67 - Receiving Manager being selected
2018-08-02 09:13:03 INFO  Scenario01:76 - Calendar box
2018-08-02 09:13:18 INFO  TestBase:137 - Loading config properties
2018-08-02 09:13:18 INFO  TestBase:142 - Loading or properties
2018-08-02 09:13:18 INFO  TestBase:111 - Loading browser
2018-08-02 09:13:22 INFO  Scenario01:32 - Launching browser
2018-08-02 09:13:24 INFO  Scenario01:35 - Moving to PAF Requests
2018-08-02 09:13:24 INFO  Scenario01:40 - Opening the request
2018-08-02 09:13:24 INFO  Scenario01:45 - Clicking On New Request
2018-08-02 09:13:30 INFO  Scenario01:55 - Selecting Receiving Manager
2018-08-02 09:13:30 INFO  Scenario01:59 - Passing Receiving Manager name
2018-08-02 09:13:30 INFO  Scenario01:67 - Receiving Manager being selected
2018-08-02 09:13:35 INFO  Scenario01:76 - Calendar box
2018-08-02 09:13:57 INFO  TestBase:137 - Loading config properties
2018-08-02 09:13:57 INFO  TestBase:142 - Loading or properties
2018-08-02 09:13:57 INFO  TestBase:111 - Loading browser
2018-08-02 09:14:01 INFO  Scenario01:32 - Launching browser
2018-08-02 09:14:03 INFO  Scenario01:35 - Moving to PAF Requests
2018-08-02 09:14:04 INFO  Scenario01:40 - Opening the request
2018-08-02 09:14:04 INFO  Scenario01:45 - Clicking On New Request
2018-08-02 09:14:09 INFO  Scenario01:55 - Selecting Receiving Manager
2018-08-02 09:14:09 INFO  Scenario01:59 - Passing Receiving Manager name
2018-08-02 09:14:10 INFO  Scenario01:67 - Receiving Manager being selected
2018-08-02 09:14:14 INFO  Scenario01:76 - Calendar box
2018-08-02 09:14:43 INFO  TestBase:137 - Loading config properties
2018-08-02 09:14:43 INFO  TestBase:142 - Loading or properties
2018-08-02 09:14:43 INFO  TestBase:111 - Loading browser
2018-08-02 09:14:47 INFO  Scenario01:32 - Launching browser
2018-08-02 09:14:49 INFO  Scenario01:35 - Moving to PAF Requests
2018-08-02 09:14:49 INFO  Scenario01:40 - Opening the request
2018-08-02 09:14:50 INFO  Scenario01:45 - Clicking On New Request
2018-08-02 09:14:55 INFO  Scenario01:55 - Selecting Receiving Manager
2018-08-02 09:14:55 INFO  Scenario01:59 - Passing Receiving Manager name
2018-08-02 09:14:55 INFO  Scenario01:67 - Receiving Manager being selected
2018-08-02 09:15:00 INFO  Scenario01:76 - Calendar box
2018-08-03 05:46:29 INFO  TestBase:137 - Loading config properties
2018-08-03 05:46:29 INFO  TestBase:142 - Loading or properties
2018-08-03 05:46:29 INFO  TestBase:111 - Loading browser
2018-08-03 05:46:35 INFO  Scenario01:32 - Launching browser
2018-08-03 05:46:38 INFO  Scenario01:35 - Moving to PAF Requests
2018-08-03 05:46:39 INFO  Scenario01:40 - Opening the request
2018-08-03 05:46:39 INFO  Scenario01:45 - Clicking On New Request
2018-08-03 05:46:44 INFO  Scenario01:55 - Selecting Receiving Manager
2018-08-03 05:46:45 INFO  Scenario01:59 - Passing Receiving Manager name
2018-08-03 05:46:45 INFO  Scenario01:67 - Receiving Manager being selected
2018-08-03 05:46:50 INFO  Scenario01:76 - Calendar box
2018-08-03 05:50:00 INFO  TestBase:137 - Loading config properties
2018-08-03 05:50:00 INFO  TestBase:142 - Loading or properties
2018-08-03 05:50:00 INFO  TestBase:111 - Loading browser
2018-08-03 05:50:04 INFO  Scenario01:32 - Launching browser
2018-08-03 05:50:06 INFO  Scenario01:35 - Moving to PAF Requests
2018-08-03 05:50:06 INFO  Scenario01:40 - Opening the request
2018-08-03 05:50:07 INFO  Scenario01:45 - Clicking On New Request
2018-08-03 05:50:12 INFO  Scenario01:55 - Selecting Receiving Manager
2018-08-03 05:50:12 INFO  Scenario01:59 - Passing Receiving Manager name
2018-08-03 05:50:13 INFO  Scenario01:67 - Receiving Manager being selected
2018-08-03 05:50:17 INFO  Scenario01:76 - Calendar box
2018-08-03 05:51:38 INFO  TestBase:137 - Loading config properties
2018-08-03 05:51:38 INFO  TestBase:142 - Loading or properties
2018-08-03 05:51:38 INFO  TestBase:111 - Loading browser
2018-08-03 05:51:42 INFO  Scenario01:32 - Launching browser
2018-08-03 05:51:43 INFO  Scenario01:35 - Moving to PAF Requests
2018-08-03 05:51:44 INFO  Scenario01:40 - Opening the request
2018-08-03 05:51:44 INFO  Scenario01:45 - Clicking On New Request
2018-08-03 05:51:49 INFO  Scenario01:55 - Selecting Receiving Manager
2018-08-03 05:51:50 INFO  Scenario01:59 - Passing Receiving Manager name
2018-08-03 05:51:50 INFO  Scenario01:67 - Receiving Manager being selected
2018-08-03 05:51:54 INFO  Scenario01:76 - Calendar box
2018-08-03 05:53:59 INFO  TestBase:137 - Loading config properties
2018-08-03 05:53:59 INFO  TestBase:142 - Loading or properties
2018-08-03 05:53:59 INFO  TestBase:111 - Loading browser
2018-08-03 05:54:02 INFO  Scenario01:32 - Launching browser
2018-08-03 05:54:04 INFO  Scenario01:35 - Moving to PAF Requests
2018-08-03 05:54:04 INFO  Scenario01:40 - Opening the request
2018-08-03 05:54:05 INFO  Scenario01:45 - Clicking On New Request
2018-08-03 05:54:10 INFO  Scenario01:55 - Selecting Receiving Manager
2018-08-03 05:54:10 INFO  Scenario01:59 - Passing Receiving Manager name
2018-08-03 05:54:11 INFO  Scenario01:67 - Receiving Manager being selected
2018-08-03 05:54:15 INFO  Scenario01:76 - Calendar box
2018-08-03 06:04:20 INFO  TestBase:137 - Loading config properties
2018-08-03 06:04:20 INFO  TestBase:142 - Loading or properties
2018-08-03 06:04:20 INFO  TestBase:111 - Loading browser
2018-08-03 06:04:24 INFO  Scenario01:32 - Launching browser
2018-08-03 06:04:25 INFO  Scenario01:35 - Moving to PAF Requests
2018-08-03 06:04:26 INFO  Scenario01:40 - Opening the request
2018-08-03 06:04:26 INFO  Scenario01:45 - Clicking On New Request
2018-08-03 06:04:31 INFO  Scenario01:55 - Selecting Receiving Manager
2018-08-03 06:04:31 INFO  Scenario01:59 - Passing Receiving Manager name
2018-08-03 06:04:32 INFO  Scenario01:67 - Receiving Manager being selected
2018-08-03 06:04:36 INFO  Scenario01:76 - Calendar box
2018-08-03 06:04:41 INFO  Scenario01:85 - Clicking Ok
2018-08-03 06:04:41 INFO  Scenario01:91 - Clicking Add Employee Details section
2018-08-03 06:06:20 INFO  TestBase:137 - Loading config properties
2018-08-03 06:06:20 INFO  TestBase:142 - Loading or properties
2018-08-03 06:06:20 INFO  TestBase:111 - Loading browser
2018-08-03 06:06:23 INFO  Scenario01:32 - Launching browser
2018-08-03 06:06:24 INFO  Scenario01:35 - Moving to PAF Requests
2018-08-03 06:06:25 INFO  Scenario01:40 - Opening the request
2018-08-03 06:06:25 INFO  Scenario01:45 - Clicking On New Request
2018-08-03 06:06:31 INFO  Scenario01:55 - Selecting Receiving Manager
2018-08-03 06:06:31 INFO  Scenario01:59 - Passing Receiving Manager name
2018-08-03 06:06:31 INFO  Scenario01:67 - Receiving Manager being selected
2018-08-03 06:06:36 INFO  Scenario01:76 - Calendar box
2018-08-03 06:06:41 INFO  Scenario01:85 - Clicking Ok
2018-08-03 06:06:41 INFO  Scenario01:91 - Clicking Add Employee Details section
2018-08-03 06:06:41 INFO  Scenario01:96 - Inserting Employee
2018-08-03 06:11:10 INFO  TestBase:137 - Loading config properties
2018-08-03 06:11:10 INFO  TestBase:142 - Loading or properties
2018-08-03 06:11:10 INFO  TestBase:111 - Loading browser
2018-08-03 06:11:14 INFO  Scenario01:32 - Launching browser
2018-08-03 06:11:15 INFO  Scenario01:35 - Moving to PAF Requests
2018-08-03 06:11:15 INFO  Scenario01:40 - Opening the request
2018-08-03 06:11:16 INFO  Scenario01:45 - Clicking On New Request
2018-08-03 06:11:21 INFO  Scenario01:55 - Selecting Receiving Manager
2018-08-03 06:11:21 INFO  Scenario01:59 - Passing Receiving Manager name
2018-08-03 06:11:21 INFO  Scenario01:67 - Receiving Manager being selected
2018-08-03 06:11:26 INFO  Scenario01:76 - Calendar box
2018-08-03 06:11:31 INFO  Scenario01:85 - Clicking Ok
2018-08-03 06:11:31 INFO  Scenario01:91 - Clicking Add Employee Details section
2018-08-03 06:11:32 INFO  Scenario01:96 - Inserting Employee
2018-08-03 06:11:32 INFO  Scenario01:102 - Passing Employee name
2018-08-03 06:11:33 INFO  Scenario01:110 - Employee Name being selected
2018-08-03 06:12:37 INFO  TestBase:137 - Loading config properties
2018-08-03 06:12:37 INFO  TestBase:142 - Loading or properties
2018-08-03 06:12:37 INFO  TestBase:111 - Loading browser
2018-08-03 06:12:41 INFO  Scenario01:32 - Launching browser
2018-08-03 06:12:42 INFO  Scenario01:35 - Moving to PAF Requests
2018-08-03 06:12:43 INFO  Scenario01:40 - Opening the request
2018-08-03 06:12:43 INFO  Scenario01:45 - Clicking On New Request
2018-08-03 06:12:48 INFO  Scenario01:55 - Selecting Receiving Manager
2018-08-03 06:12:48 INFO  Scenario01:59 - Passing Receiving Manager name
2018-08-03 06:12:49 INFO  Scenario01:67 - Receiving Manager being selected
2018-08-03 06:12:53 INFO  Scenario01:76 - Calendar box
2018-08-03 06:12:58 INFO  Scenario01:85 - Clicking Ok
2018-08-03 06:12:59 INFO  Scenario01:91 - Clicking Add Employee Details section
2018-08-03 06:12:59 INFO  Scenario01:96 - Inserting Employee
2018-08-03 06:12:59 INFO  Scenario01:102 - Passing Employee name
2018-08-03 06:13:00 INFO  Scenario01:110 - Employee Name being selected
2018-08-03 06:14:41 INFO  TestBase:137 - Loading config properties
2018-08-03 06:14:41 INFO  TestBase:142 - Loading or properties
2018-08-03 06:14:41 INFO  TestBase:111 - Loading browser
2018-08-03 06:14:45 INFO  Scenario01:32 - Launching browser
2018-08-03 06:14:46 INFO  Scenario01:35 - Moving to PAF Requests
2018-08-03 06:14:46 INFO  Scenario01:40 - Opening the request
2018-08-03 06:14:47 INFO  Scenario01:45 - Clicking On New Request
2018-08-03 06:14:52 INFO  Scenario01:55 - Selecting Receiving Manager
2018-08-03 06:14:52 INFO  Scenario01:59 - Passing Receiving Manager name
2018-08-03 06:14:53 INFO  Scenario01:67 - Receiving Manager being selected
2018-08-03 06:14:57 INFO  Scenario01:76 - Calendar box
2018-08-03 06:15:02 INFO  Scenario01:85 - Clicking Ok
2018-08-03 06:15:02 INFO  Scenario01:91 - Clicking Add Employee Details section
2018-08-03 06:15:03 INFO  Scenario01:96 - Inserting Employee
2018-08-03 06:15:03 INFO  Scenario01:102 - Passing Employee name
2018-08-03 06:15:04 INFO  Scenario01:110 - Employee Name being selected
2018-08-03 06:15:36 INFO  TestBase:137 - Loading config properties
2018-08-03 06:15:36 INFO  TestBase:142 - Loading or properties
2018-08-03 06:15:36 INFO  TestBase:111 - Loading browser
2018-08-03 06:15:40 INFO  Scenario01:32 - Launching browser
2018-08-03 06:15:41 INFO  Scenario01:35 - Moving to PAF Requests
2018-08-03 06:15:42 INFO  Scenario01:40 - Opening the request
2018-08-03 06:15:43 INFO  Scenario01:45 - Clicking On New Request
2018-08-03 06:15:48 INFO  Scenario01:55 - Selecting Receiving Manager
2018-08-03 06:15:48 INFO  Scenario01:59 - Passing Receiving Manager name
2018-08-03 06:15:48 INFO  Scenario01:67 - Receiving Manager being selected
2018-08-03 06:15:53 INFO  Scenario01:76 - Calendar box
2018-08-03 06:15:58 INFO  Scenario01:85 - Clicking Ok
2018-08-03 06:15:58 INFO  Scenario01:91 - Clicking Add Employee Details section
2018-08-03 06:15:59 INFO  Scenario01:96 - Inserting Employee
2018-08-03 06:15:59 INFO  Scenario01:102 - Passing Employee name
2018-08-03 06:15:59 INFO  Scenario01:110 - Employee Name being selected
2018-08-03 06:17:56 INFO  TestBase:137 - Loading config properties
2018-08-03 06:17:56 INFO  TestBase:142 - Loading or properties
2018-08-03 06:17:56 INFO  TestBase:111 - Loading browser
2018-08-03 06:17:59 INFO  Scenario01:32 - Launching browser
2018-08-03 06:18:00 INFO  Scenario01:35 - Moving to PAF Requests
2018-08-03 06:18:01 INFO  Scenario01:40 - Opening the request
2018-08-03 06:18:01 INFO  Scenario01:45 - Clicking On New Request
2018-08-03 06:18:06 INFO  Scenario01:55 - Selecting Receiving Manager
2018-08-03 06:18:06 INFO  Scenario01:59 - Passing Receiving Manager name
2018-08-03 06:18:07 INFO  Scenario01:67 - Receiving Manager being selected
2018-08-03 06:18:11 INFO  Scenario01:76 - Calendar box
2018-08-03 06:18:16 INFO  Scenario01:85 - Clicking Ok
2018-08-03 06:18:16 INFO  Scenario01:91 - Clicking Add Employee Details section
2018-08-03 06:18:17 INFO  Scenario01:96 - Inserting Employee
2018-08-03 06:18:17 INFO  Scenario01:102 - Passing Employee name
2018-08-03 06:18:18 INFO  Scenario01:110 - Employee Name being selected
2018-08-03 06:20:50 INFO  TestBase:137 - Loading config properties
2018-08-03 06:20:51 INFO  TestBase:142 - Loading or properties
2018-08-03 06:20:51 INFO  TestBase:111 - Loading browser
2018-08-03 06:20:54 INFO  Scenario01:32 - Launching browser
2018-08-03 06:20:55 INFO  Scenario01:35 - Moving to PAF Requests
2018-08-03 06:20:56 INFO  Scenario01:40 - Opening the request
2018-08-03 06:20:56 INFO  Scenario01:45 - Clicking On New Request
2018-08-03 06:21:01 INFO  Scenario01:55 - Selecting Receiving Manager
2018-08-03 06:21:02 INFO  Scenario01:59 - Passing Receiving Manager name
2018-08-03 06:21:02 INFO  Scenario01:67 - Receiving Manager being selected
2018-08-03 06:21:06 INFO  Scenario01:76 - Calendar box
2018-08-03 06:21:12 INFO  Scenario01:85 - Clicking Ok
2018-08-03 06:21:12 INFO  Scenario01:91 - Clicking Add Employee Details section
2018-08-03 06:21:12 INFO  Scenario01:96 - Inserting Employee
2018-08-03 06:21:13 INFO  Scenario01:102 - Passing Employee name
2018-08-03 06:21:13 INFO  Scenario01:110 - Employee Name being selected
2018-08-03 06:22:55 INFO  TestBase:137 - Loading config properties
2018-08-03 06:22:55 INFO  TestBase:142 - Loading or properties
2018-08-03 06:22:55 INFO  TestBase:111 - Loading browser
2018-08-03 06:22:59 INFO  Scenario01:32 - Launching browser
2018-08-03 06:23:00 INFO  Scenario01:35 - Moving to PAF Requests
2018-08-03 06:23:00 INFO  Scenario01:40 - Opening the request
2018-08-03 06:23:01 INFO  Scenario01:45 - Clicking On New Request
2018-08-03 06:23:06 INFO  Scenario01:55 - Selecting Receiving Manager
2018-08-03 06:23:06 INFO  Scenario01:59 - Passing Receiving Manager name
2018-08-03 06:23:07 INFO  Scenario01:67 - Receiving Manager being selected
2018-08-03 06:23:11 INFO  Scenario01:76 - Calendar box
2018-08-03 06:23:16 INFO  Scenario01:85 - Clicking Ok
2018-08-03 06:23:16 INFO  Scenario01:91 - Clicking Add Employee Details section
2018-08-03 06:23:17 INFO  Scenario01:96 - Inserting Employee
2018-08-03 06:23:17 INFO  Scenario01:102 - Passing Employee name
2018-08-03 06:23:18 INFO  Scenario01:110 - Employee Name being selected
2018-08-03 06:26:51 INFO  TestBase:137 - Loading config properties
2018-08-03 06:26:51 INFO  TestBase:142 - Loading or properties
2018-08-03 06:26:51 INFO  TestBase:111 - Loading browser
2018-08-03 06:26:54 INFO  Scenario01:32 - Launching browser
2018-08-03 06:26:55 INFO  Scenario01:35 - Moving to PAF Requests
2018-08-03 06:26:56 INFO  Scenario01:40 - Opening the request
2018-08-03 06:26:56 INFO  Scenario01:45 - Clicking On New Request
2018-08-03 06:27:01 INFO  Scenario01:55 - Selecting Receiving Manager
2018-08-03 06:27:02 INFO  Scenario01:59 - Passing Receiving Manager name
2018-08-03 06:27:02 INFO  Scenario01:67 - Receiving Manager being selected
2018-08-03 06:27:06 INFO  Scenario01:76 - Calendar box
2018-08-03 06:27:12 INFO  Scenario01:85 - Clicking Ok
2018-08-03 06:27:12 INFO  Scenario01:91 - Clicking Add Employee Details section
2018-08-03 06:27:12 INFO  Scenario01:96 - Inserting Employee
2018-08-03 06:27:13 INFO  Scenario01:102 - Passing Employee name
2018-08-03 06:27:13 INFO  Scenario01:110 - Employee Name being selected
2018-08-03 06:28:40 INFO  TestBase:137 - Loading config properties
2018-08-03 06:28:40 INFO  TestBase:142 - Loading or properties
2018-08-03 06:28:40 INFO  TestBase:111 - Loading browser
2018-08-03 06:28:44 INFO  Scenario01:32 - Launching browser
2018-08-03 06:28:45 INFO  Scenario01:35 - Moving to PAF Requests
2018-08-03 06:28:46 INFO  Scenario01:40 - Opening the request
2018-08-03 06:28:46 INFO  Scenario01:45 - Clicking On New Request
2018-08-03 06:28:51 INFO  Scenario01:55 - Selecting Receiving Manager
2018-08-03 06:28:51 INFO  Scenario01:59 - Passing Receiving Manager name
2018-08-03 06:28:52 INFO  Scenario01:67 - Receiving Manager being selected
2018-08-03 06:28:56 INFO  Scenario01:76 - Calendar box
2018-08-03 06:29:01 INFO  Scenario01:85 - Clicking Ok
2018-08-03 06:29:02 INFO  Scenario01:91 - Clicking Add Employee Details section
2018-08-03 06:29:02 INFO  Scenario01:96 - Inserting Employee
2018-08-03 06:29:02 INFO  Scenario01:102 - Passing Employee name
2018-08-03 06:29:03 INFO  Scenario01:110 - Employee Name being selected
2018-08-03 06:30:35 INFO  TestBase:137 - Loading config properties
2018-08-03 06:30:35 INFO  TestBase:142 - Loading or properties
2018-08-03 06:30:35 INFO  TestBase:111 - Loading browser
2018-08-03 06:30:39 INFO  Scenario01:32 - Launching browser
2018-08-03 06:30:40 INFO  Scenario01:35 - Moving to PAF Requests
2018-08-03 06:30:41 INFO  Scenario01:40 - Opening the request
2018-08-03 06:30:41 INFO  Scenario01:45 - Clicking On New Request
2018-08-03 06:30:47 INFO  Scenario01:55 - Selecting Receiving Manager
2018-08-03 06:30:47 INFO  Scenario01:59 - Passing Receiving Manager name
2018-08-03 06:30:47 INFO  Scenario01:67 - Receiving Manager being selected
2018-08-03 06:30:52 INFO  Scenario01:76 - Calendar box
2018-08-03 06:30:57 INFO  Scenario01:85 - Clicking Ok
2018-08-03 06:30:57 INFO  Scenario01:91 - Clicking Add Employee Details section
2018-08-03 06:30:57 INFO  Scenario01:96 - Inserting Employee
2018-08-03 06:30:58 INFO  Scenario01:102 - Passing Employee name
2018-08-03 06:30:58 INFO  Scenario01:110 - Employee Name being selected
2018-08-03 06:31:17 INFO  TestBase:137 - Loading config properties
2018-08-03 06:31:17 INFO  TestBase:142 - Loading or properties
2018-08-03 06:31:17 INFO  TestBase:111 - Loading browser
2018-08-03 06:31:21 INFO  Scenario01:32 - Launching browser
2018-08-03 06:31:22 INFO  Scenario01:35 - Moving to PAF Requests
2018-08-03 06:31:23 INFO  Scenario01:40 - Opening the request
2018-08-03 06:31:23 INFO  Scenario01:45 - Clicking On New Request
2018-08-03 06:31:28 INFO  Scenario01:55 - Selecting Receiving Manager
2018-08-03 06:31:29 INFO  Scenario01:59 - Passing Receiving Manager name
2018-08-03 06:31:29 INFO  Scenario01:67 - Receiving Manager being selected
2018-08-03 06:31:33 INFO  Scenario01:76 - Calendar box
2018-08-03 06:31:39 INFO  Scenario01:85 - Clicking Ok
2018-08-03 06:31:39 INFO  Scenario01:91 - Clicking Add Employee Details section
2018-08-03 06:31:39 INFO  Scenario01:96 - Inserting Employee
2018-08-03 06:31:40 INFO  Scenario01:102 - Passing Employee name
2018-08-03 06:31:40 INFO  Scenario01:110 - Employee Name being selected
2018-08-03 06:33:54 INFO  TestBase:137 - Loading config properties
2018-08-03 06:33:54 INFO  TestBase:142 - Loading or properties
2018-08-03 06:33:54 INFO  TestBase:111 - Loading browser
2018-08-03 06:33:57 INFO  Scenario01:32 - Launching browser
2018-08-03 06:33:59 INFO  Scenario01:35 - Moving to PAF Requests
2018-08-03 06:33:59 INFO  Scenario01:40 - Opening the request
2018-08-03 06:34:00 INFO  Scenario01:45 - Clicking On New Request
2018-08-03 06:34:05 INFO  Scenario01:55 - Selecting Receiving Manager
2018-08-03 06:34:05 INFO  Scenario01:59 - Passing Receiving Manager name
2018-08-03 06:34:06 INFO  Scenario01:67 - Receiving Manager being selected
2018-08-03 06:34:10 INFO  Scenario01:76 - Calendar box
2018-08-03 06:34:15 INFO  Scenario01:85 - Clicking Ok
2018-08-03 06:34:15 INFO  Scenario01:91 - Clicking Add Employee Details section
2018-08-03 06:34:16 INFO  Scenario01:96 - Inserting Employee
2018-08-03 06:34:16 INFO  Scenario01:102 - Passing Employee name
2018-08-03 06:34:17 INFO  Scenario01:110 - Employee Name being selected
2018-08-03 06:34:21 INFO  Scenario01:120 - Inserting the Employee
2018-08-03 06:36:52 INFO  TestBase:137 - Loading config properties
2018-08-03 06:36:52 INFO  TestBase:142 - Loading or properties
2018-08-03 06:36:52 INFO  TestBase:111 - Loading browser
2018-08-03 06:36:55 INFO  Scenario01:32 - Launching browser
2018-08-03 06:36:57 INFO  Scenario01:35 - Moving to PAF Requests
2018-08-03 06:36:57 INFO  Scenario01:40 - Opening the request
2018-08-03 06:36:58 INFO  Scenario01:45 - Clicking On New Request
2018-08-03 06:37:03 INFO  Scenario01:55 - Selecting Receiving Manager
2018-08-03 06:37:03 INFO  Scenario01:59 - Passing Receiving Manager name
2018-08-03 06:37:04 INFO  Scenario01:67 - Receiving Manager being selected
2018-08-03 06:37:08 INFO  Scenario01:76 - Calendar box
2018-08-03 06:37:13 INFO  Scenario01:85 - Clicking Ok
2018-08-03 06:37:13 INFO  Scenario01:91 - Clicking Add Employee Details section
2018-08-03 06:37:14 INFO  Scenario01:96 - Inserting Employee
2018-08-03 06:37:14 INFO  Scenario01:102 - Passing Employee name
2018-08-03 06:37:15 INFO  Scenario01:110 - Employee Name being selected
2018-08-03 06:37:19 INFO  Scenario01:120 - Inserting the Employee
2018-08-03 06:37:19 INFO  Scenario01:126 - Submitting the request
2018-08-03 06:38:43 INFO  TestBase:137 - Loading config properties
2018-08-03 06:38:43 INFO  TestBase:142 - Loading or properties
2018-08-03 06:38:43 INFO  TestBase:111 - Loading browser
2018-08-03 06:38:47 INFO  Scenario01:32 - Launching browser
2018-08-03 06:38:48 INFO  Scenario01:35 - Moving to PAF Requests
2018-08-03 06:38:49 INFO  Scenario01:40 - Opening the request
2018-08-03 06:38:49 INFO  Scenario01:45 - Clicking On New Request
2018-08-03 06:38:54 INFO  Scenario01:55 - Selecting Receiving Manager
2018-08-03 06:38:54 INFO  Scenario01:59 - Passing Receiving Manager name
2018-08-03 06:38:55 INFO  Scenario01:67 - Receiving Manager being selected
2018-08-03 06:38:59 INFO  Scenario01:76 - Calendar box
2018-08-03 06:39:05 INFO  Scenario01:85 - Clicking Ok
2018-08-03 06:39:05 INFO  Scenario01:91 - Clicking Add Employee Details section
2018-08-03 06:39:05 INFO  Scenario01:96 - Inserting Employee
2018-08-03 06:39:06 INFO  Scenario01:102 - Passing Employee name
2018-08-03 06:39:06 INFO  Scenario01:110 - Employee Name being selected
2018-08-03 06:39:10 INFO  Scenario01:120 - Inserting the Employee
2018-08-03 06:39:10 INFO  Scenario01:126 - Submitting the request
2018-08-03 06:40:36 INFO  TestBase:137 - Loading config properties
2018-08-03 06:40:36 INFO  TestBase:142 - Loading or properties
2018-08-03 06:40:36 INFO  TestBase:111 - Loading browser
2018-08-03 06:40:40 INFO  Scenario01:32 - Launching browser
2018-08-03 06:40:41 INFO  Scenario01:35 - Moving to PAF Requests
2018-08-03 06:40:42 INFO  Scenario01:40 - Opening the request
2018-08-03 06:40:42 INFO  Scenario01:45 - Clicking On New Request
2018-08-03 06:40:47 INFO  Scenario01:55 - Selecting Receiving Manager
2018-08-03 06:40:48 INFO  Scenario01:59 - Passing Receiving Manager name
2018-08-03 06:40:48 INFO  Scenario01:67 - Receiving Manager being selected
2018-08-03 06:40:52 INFO  Scenario01:76 - Calendar box
2018-08-03 06:40:58 INFO  Scenario01:85 - Clicking Ok
2018-08-03 06:40:58 INFO  Scenario01:91 - Clicking Add Employee Details section
2018-08-03 06:40:58 INFO  Scenario01:96 - Inserting Employee
2018-08-03 06:40:59 INFO  Scenario01:102 - Passing Employee name
2018-08-03 06:40:59 INFO  Scenario01:110 - Employee Name being selected
2018-08-03 06:41:03 INFO  Scenario01:120 - Inserting the Employee
2018-08-03 06:41:03 INFO  Scenario01:126 - Submitting the request
2018-08-03 06:41:03 INFO  Scenario01:131 - Closing the request finally
2018-08-03 06:41:35 INFO  TestBase:137 - Loading config properties
2018-08-03 06:41:35 INFO  TestBase:142 - Loading or properties
2018-08-03 06:41:35 INFO  TestBase:111 - Loading browser
2018-08-03 06:41:38 INFO  Scenario01:32 - Launching browser
2018-08-03 06:41:39 INFO  Scenario01:35 - Moving to PAF Requests
2018-08-03 06:41:40 INFO  Scenario01:40 - Opening the request
2018-08-03 06:41:40 INFO  Scenario01:45 - Clicking On New Request
2018-08-03 06:41:45 INFO  Scenario01:55 - Selecting Receiving Manager
2018-08-03 06:41:46 INFO  Scenario01:59 - Passing Receiving Manager name
2018-08-03 06:41:46 INFO  Scenario01:67 - Receiving Manager being selected
2018-08-03 06:41:50 INFO  Scenario01:76 - Calendar box
2018-08-03 06:41:56 INFO  Scenario01:85 - Clicking Ok
2018-08-03 06:41:56 INFO  Scenario01:91 - Clicking Add Employee Details section
2018-08-03 06:41:56 INFO  Scenario01:96 - Inserting Employee
2018-08-03 06:41:57 INFO  Scenario01:102 - Passing Employee name
2018-08-03 06:41:57 INFO  Scenario01:110 - Employee Name being selected
2018-08-03 06:42:01 INFO  Scenario01:120 - Inserting the Employee
2018-08-03 06:42:02 INFO  Scenario01:126 - Submitting the request
2018-08-03 06:42:02 INFO  Scenario01:131 - Closing the request finally
2018-08-03 06:43:47 INFO  TestBase:137 - Loading config properties
2018-08-03 06:43:47 INFO  TestBase:142 - Loading or properties
2018-08-03 06:43:47 INFO  TestBase:111 - Loading browser
2018-08-03 06:43:51 INFO  Scenario01:32 - Launching browser
2018-08-03 06:43:54 INFO  Scenario01:36 - Moving to PAF Requests
2018-08-03 06:43:55 INFO  Scenario01:41 - Opening the request
2018-08-03 06:43:55 INFO  Scenario01:46 - Clicking On New Request
2018-08-03 06:44:00 INFO  Scenario01:56 - Selecting Receiving Manager
2018-08-03 06:44:00 INFO  Scenario01:60 - Passing Receiving Manager name
2018-08-03 06:44:01 INFO  Scenario01:68 - Receiving Manager being selected
2018-08-03 06:44:05 INFO  Scenario01:77 - Calendar box
2018-08-03 06:44:10 INFO  Scenario01:86 - Clicking Ok
2018-08-03 06:44:11 INFO  Scenario01:92 - Clicking Add Employee Details section
2018-08-03 06:44:11 INFO  Scenario01:97 - Inserting Employee
2018-08-03 06:44:11 INFO  Scenario01:103 - Passing Employee name
2018-08-03 06:44:12 INFO  Scenario01:111 - Employee Name being selected
2018-08-03 06:44:16 INFO  Scenario01:121 - Inserting the Employee
2018-08-03 06:44:16 INFO  Scenario01:127 - Submitting the request
2018-08-03 06:44:52 INFO  TestBase:137 - Loading config properties
2018-08-03 06:44:52 INFO  TestBase:142 - Loading or properties
2018-08-03 06:44:52 INFO  TestBase:111 - Loading browser
2018-08-03 06:44:55 INFO  Scenario01:32 - Launching browser
2018-08-03 06:44:58 INFO  Scenario01:36 - Moving to PAF Requests
2018-08-03 06:44:58 INFO  Scenario01:41 - Opening the request
2018-08-03 06:44:59 INFO  Scenario01:46 - Clicking On New Request
2018-08-03 06:45:04 INFO  Scenario01:56 - Selecting Receiving Manager
2018-08-03 06:45:04 INFO  Scenario01:60 - Passing Receiving Manager name
2018-08-03 06:45:05 INFO  Scenario01:68 - Receiving Manager being selected
2018-08-03 06:45:09 INFO  Scenario01:77 - Calendar box
2018-08-03 06:45:14 INFO  Scenario01:86 - Clicking Ok
2018-08-03 06:45:14 INFO  Scenario01:92 - Clicking Add Employee Details section
2018-08-03 06:45:15 INFO  Scenario01:97 - Inserting Employee
2018-08-03 06:45:15 INFO  Scenario01:103 - Passing Employee name
2018-08-03 06:45:16 INFO  Scenario01:111 - Employee Name being selected
2018-08-03 06:45:20 INFO  Scenario01:121 - Inserting the Employee
2018-08-03 06:45:20 INFO  Scenario01:127 - Submitting the request
2018-08-03 06:45:20 INFO  Scenario01:132 - Closing the request finally
2018-08-03 06:46:53 INFO  TestBase:137 - Loading config properties
2018-08-03 06:46:53 INFO  TestBase:142 - Loading or properties
2018-08-03 06:46:53 INFO  TestBase:111 - Loading browser
2018-08-03 06:46:56 INFO  Scenario01:32 - Launching browser
2018-08-03 06:46:58 INFO  Scenario01:36 - Moving to PAF Requests
2018-08-03 06:46:59 INFO  Scenario01:41 - Opening the request
2018-08-03 06:46:59 INFO  Scenario01:46 - Clicking On New Request
2018-08-03 06:47:05 INFO  Scenario01:56 - Selecting Receiving Manager
2018-08-03 06:47:05 INFO  Scenario01:60 - Passing Receiving Manager name
2018-08-03 06:47:05 INFO  Scenario01:68 - Receiving Manager being selected
2018-08-03 06:47:10 INFO  Scenario01:77 - Calendar box
2018-08-03 06:47:15 INFO  Scenario01:86 - Clicking Ok
2018-08-03 06:47:15 INFO  Scenario01:92 - Clicking Add Employee Details section
2018-08-03 06:47:16 INFO  Scenario01:97 - Inserting Employee
2018-08-03 06:47:16 INFO  Scenario01:103 - Passing Employee name
2018-08-03 06:47:16 INFO  Scenario01:111 - Employee Name being selected
2018-08-03 06:47:21 INFO  Scenario01:121 - Inserting the Employee
2018-08-03 06:47:21 INFO  Scenario01:127 - Submitting the request
2018-08-03 06:47:21 INFO  Scenario01:132 - Closing the request finally
2018-08-03 06:48:54 INFO  TestBase:137 - Loading config properties
2018-08-03 06:48:54 INFO  TestBase:142 - Loading or properties
2018-08-03 06:48:54 INFO  TestBase:111 - Loading browser
2018-08-03 06:48:58 INFO  Scenario01:32 - Launching browser
2018-08-03 06:49:01 INFO  Scenario01:36 - Moving to PAF Requests
2018-08-03 06:49:01 INFO  Scenario01:41 - Opening the request
2018-08-03 06:49:02 INFO  Scenario01:46 - Clicking On New Request
2018-08-03 06:49:07 INFO  Scenario01:56 - Selecting Receiving Manager
2018-08-03 06:49:07 INFO  Scenario01:60 - Passing Receiving Manager name
2018-08-03 06:49:07 INFO  Scenario01:68 - Receiving Manager being selected
2018-08-03 06:49:12 INFO  Scenario01:77 - Calendar box
2018-08-03 06:49:17 INFO  Scenario01:86 - Clicking Ok
2018-08-03 06:49:17 INFO  Scenario01:92 - Clicking Add Employee Details section
2018-08-03 06:49:18 INFO  Scenario01:97 - Inserting Employee
2018-08-03 06:49:18 INFO  Scenario01:103 - Passing Employee name
2018-08-03 06:49:18 INFO  Scenario01:111 - Employee Name being selected
2018-08-03 06:49:22 INFO  Scenario01:121 - Inserting the Employee
2018-08-03 06:49:23 INFO  Scenario01:127 - Submitting the request
2018-08-03 06:49:23 INFO  Scenario01:132 - Closing the request finally
2018-08-03 06:52:33 INFO  TestBase:137 - Loading config properties
2018-08-03 06:52:33 INFO  TestBase:142 - Loading or properties
2018-08-03 06:52:33 INFO  TestBase:111 - Loading browser
2018-08-03 06:52:37 INFO  TWPRC_CreationofRequest:31 - Launching browser
2018-08-03 06:52:39 INFO  TWPRC_CreationofRequest:35 - Moving to PAF Requests
2018-08-03 06:52:40 INFO  TWPRC_CreationofRequest:40 - Opening the request
2018-08-03 06:52:40 INFO  TWPRC_CreationofRequest:45 - Clicking On New Request
2018-08-03 06:52:45 INFO  TWPRC_CreationofRequest:55 - Selecting Receiving Manager
2018-08-03 06:52:46 INFO  TWPRC_CreationofRequest:59 - Passing Receiving Manager name
2018-08-03 06:52:46 INFO  TWPRC_CreationofRequest:67 - Receiving Manager being selected
2018-08-03 06:52:51 INFO  TWPRC_CreationofRequest:76 - Calendar box
2018-08-03 06:52:56 INFO  TWPRC_CreationofRequest:85 - Clicking Ok
2018-08-03 06:52:56 INFO  TWPRC_CreationofRequest:91 - Clicking Add Employee Details section
2018-08-03 06:52:56 INFO  TWPRC_CreationofRequest:96 - Inserting Employee
2018-08-03 06:52:57 INFO  TWPRC_CreationofRequest:102 - Passing Employee name
2018-08-03 06:52:57 INFO  TWPRC_CreationofRequest:110 - Employee Name being selected
2018-08-03 06:53:02 INFO  TWPRC_CreationofRequest:120 - Inserting the Employee
2018-08-03 06:53:02 INFO  TWPRC_CreationofRequest:126 - Submitting the request
2018-08-03 06:53:02 INFO  TWPRC_CreationofRequest:131 - Closing the request finally
